[debug] [2024-01-06T00:11:17.441Z] ----------------------------------------------------------------------
[debug] [2024-01-06T00:11:17.442Z] Command:       C:\Program Files\nodejs\node.exe C:\Users\Barbara\AppData\Roaming\npm\node_modules\firebase-tools\lib\bin\firebase.js init
[debug] [2024-01-06T00:11:17.443Z] CLI Version:   13.0.2
[debug] [2024-01-06T00:11:17.443Z] Platform:      win32
[debug] [2024-01-06T00:11:17.443Z] Node Version:  v18.0.0
[debug] [2024-01-06T00:11:17.444Z] Time:          Sat Jan 06 2024 00:11:17 GMT+0000 (Greenwich Mean Time)
[debug] [2024-01-06T00:11:17.444Z] ----------------------------------------------------------------------
[debug] 
[debug] [2024-01-06T00:11:17.448Z] > command requires scopes: ["email","openid","https://www.googleapis.com/auth/cloudplatformprojects.readonly","https://www.googleapis.com/auth/firebase","https://www.googleapis.com/auth/cloud-platform"]
[debug] [2024-01-06T00:11:17.448Z] > authorizing via signed-in user (yaxding@gmail.com)
[info] 
     ######## #### ########  ######## ########     ###     ######  ########
     ##        ##  ##     ## ##       ##     ##  ##   ##  ##       ##
     ######    ##  ########  ######   ########  #########  ######  ######
     ##        ##  ##    ##  ##       ##     ## ##     ##       ## ##
     ##       #### ##     ## ######## ########  ##     ##  ######  ########

You're about to initialize a Firebase project in this directory:

  D:\Allemera\Dev stuff\campsync

[info] 
=== Project Setup
[info] 
[info] First, let's associate this project directory with a Firebase project.
[info] You can create multiple project aliases by running firebase use --add, 
[info] but for now we'll just set up a default project.
[info] 
[debug] [2024-01-06T00:11:24.353Z] >>> [apiv2][query] GET https://firebase.googleapis.com/v1beta1/projects pageSize=100
[debug] [2024-01-06T00:11:24.791Z] <<< [apiv2][status] GET https://firebase.googleapis.com/v1beta1/projects 200
[debug] [2024-01-06T00:11:24.792Z] <<< [apiv2][body] GET https://firebase.googleapis.com/v1beta1/projects [omitted]
[info] i  Using project campsync-d1774 (campsync) 
[info] 
=== Hosting Setup
[debug] [2024-01-06T00:11:28.416Z] >>> [apiv2][query] GET https://firebase.googleapis.com/v1beta1/projects/campsync-d1774 [none]
[debug] [2024-01-06T00:11:28.610Z] <<< [apiv2][status] GET https://firebase.googleapis.com/v1beta1/projects/campsync-d1774 200
[debug] [2024-01-06T00:11:28.610Z] <<< [apiv2][body] GET https://firebase.googleapis.com/v1beta1/projects/campsync-d1774 {"projectId":"campsync-d1774","projectNumber":"773205351567","displayName":"campsync","name":"projects/campsync-d1774","resources":{"hostingSite":"campsync-d1774"},"state":"ACTIVE","etag":"1_8fb7e23d-5197-44a2-a08b-37b6a99e7c2b"}
[info] 
[info] Your public directory is the folder (relative to your project directory) that
[info] will contain Hosting assets to be uploaded with firebase deploy. If you
[info] have a build process for your assets, use your build's output directory.
[info] 
[info] +  Wrote public/404.html 
[debug] [2024-01-06T00:12:20.743Z] >>> [apiv2][query] GET https://www.gstatic.com/firebasejs/releases.json [none]
[debug] [2024-01-06T00:12:20.787Z] <<< [apiv2][status] GET https://www.gstatic.com/firebasejs/releases.json 200
[debug] [2024-01-06T00:12:20.787Z] <<< [apiv2][body] GET https://www.gstatic.com/firebasejs/releases.json {"current":{"version":"10.7.1","browserURL":"https://www.gstatic.com/firebasejs/10.7.1/firebase.js","packageURL":"https://www.gstatic.com/firebasejs/10.7.1/firebase.tgz"},"live":{"version":"10.7","browserURL":"https://www.gstatic.com/firebasejs/live/10.7/firebase.js","packageURL":"https://www.gstatic.com/firebasejs/live/10.7/firebase.tgz"},"components":{"analytics":"https://www.gstatic.com/firebasejs/10.7.1/firebase-analytics.js","app":"https://www.gstatic.com/firebasejs/10.7.1/firebase-app.js","app-check":"https://www.gstatic.com/firebasejs/10.7.1/firebase-app-check.js","auth":"https://www.gstatic.com/firebasejs/10.7.1/firebase-auth.js","auth/cordova":"https://www.gstatic.com/firebasejs/10.7.1/firebase-auth/cordova.js","functions":"https://www.gstatic.com/firebasejs/10.7.1/firebase-functions.js","firestore":"https://www.gstatic.com/firebasejs/10.7.1/firebase-firestore.js","firestore/lite":"https://www.gstatic.com/firebasejs/10.7.1/firebase-firestore/lite.js","installations":"https://www.gstatic.com/firebasejs/10.7.1/firebase-installations.js","storage":"https://www.gstatic.com/firebasejs/10.7.1/firebase-storage.js","performance":"https://www.gstatic.com/firebasejs/10.7.1/firebase-performance.js","remote-config":"https://www.gstatic.com/firebasejs/10.7.1/firebase-remote-config.js","messaging":"https://www.gstatic.com/firebasejs/10.7.1/firebase-messaging.js","messaging/sw":"https://www.gstatic.com/firebasejs/10.7.1/firebase-messaging/sw.js","database":"https://www.gstatic.com/firebasejs/10.7.1/firebase-database.js","firestore.memory":"https://www.gstatic.com/firebasejs/10.7.1/firebase-firestore.memory.js"}}
[info] i  Skipping write of public/index.html 
[info] 
[info] i  Detected a .git folder at D:\Allemera\Dev stuff\campsync 
[info] i  Authorizing with GitHub to upload your service account to a GitHub repository's secrets store. 
[info] 
[info] Visit this URL on this device to log in:
[info] https://github.com/login/oauth/authorize?client_id=89cf50f02ac6aaed3484&state=321954185&redirect_uri=http%3A%2F%2Flocalhost%3A9005&scope=read%3Auser%20repo%20public_repo
[info] 
[info] Waiting for authentication...
[debug] [2024-01-06T00:13:15.950Z] >>> [apiv2][query] POST https://github.com/login/oauth/access_token [none]
[debug] [2024-01-06T00:13:15.951Z] >>> [apiv2][body] POST https://github.com/login/oauth/access_token [stream]
[debug] [2024-01-06T00:13:16.343Z] <<< [apiv2][status] POST https://github.com/login/oauth/access_token 200
[debug] [2024-01-06T00:13:16.343Z] <<< [apiv2][body] POST https://github.com/login/oauth/access_token {"access_token":"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","token_type":"bearer","scope":"read:user,repo"}
[debug] [2024-01-06T00:13:16.359Z] >>> [apiv2][query] GET https://api.github.com/user [none]
[debug] [2024-01-06T00:13:16.623Z] <<< [apiv2][status] GET https://api.github.com/user 200
[debug] [2024-01-06T00:13:16.623Z] <<< [apiv2][body] GET https://api.github.com/user {"login":"wifimug","id":44526624,"node_id":"MDQ6VXNlcjQ0NTI2NjI0","avatar_url":"https://avatars.githubusercontent.com/u/44526624?v=4","gravatar_id":"","url":"https://api.github.com/users/wifimug","html_url":"https://github.com/wifimug","followers_url":"https://api.github.com/users/wifimug/followers","following_url":"https://api.github.com/users/wifimug/following{/other_user}","gists_url":"https://api.github.com/users/wifimug/gists{/gist_id}","starred_url":"https://api.github.com/users/wifimug/starred{/owner}{/repo}","subscriptions_url":"https://api.github.com/users/wifimug/subscriptions","organizations_url":"https://api.github.com/users/wifimug/orgs","repos_url":"https://api.github.com/users/wifimug/repos","events_url":"https://api.github.com/users/wifimug/events{/privacy}","received_events_url":"https://api.github.com/users/wifimug/received_events","type":"User","site_admin":false,"name":"Yaxin Ding","company":null,"blog":"","location":null,"email":null,"hireable":null,"bio":null,"twitter_username":null,"public_repos":6,"public_gists":0,"followers":1,"following":2,"created_at":"2018-10-27T13:49:35Z","updated_at":"2024-01-01T12:42:11Z","private_gists":0,"total_private_repos":1,"owned_private_repos":1,"disk_usage":22730,"collaborators":0,"two_factor_authentication":false,"plan":{"name":"pro","space":976562499,"collaborators":0,"private_repos":9999}}
[info] 
[info] +  Success! Logged into GitHub as wifimug 
[info] 
